C:\USERS\HIEU\DOCUMENTS\VISUAL STUDIO 2012\PROJECTS\CHICKENGAME\CHICKENGAME\DEBUG\BASKET.OBJ
C:\USERS\HIEU\DOCUMENTS\VISUAL STUDIO 2012\PROJECTS\CHICKENGAME\CHICKENGAME\DEBUG\CHICKEN.OBJ
C:\USERS\HIEU\DOCUMENTS\VISUAL STUDIO 2012\PROJECTS\CHICKENGAME\CHICKENGAME\DEBUG\KNIEF.OBJ
C:\USERS\HIEU\DOCUMENTS\VISUAL STUDIO 2012\PROJECTS\CHICKENGAME\CHICKENGAME\DEBUG\MAP.OBJ
C:\USERS\HIEU\DOCUMENTS\VISUAL STUDIO 2012\PROJECTS\CHICKENGAME\CHICKENGAME\DEBUG\POINT.OBJ
C:\USERS\HIEU\DOCUMENTS\VISUAL STUDIO 2012\PROJECTS\CHICKENGAME\CHICKENGAME\DEBUG\SOURCE.OBJ
C:\USERS\HIEU\DOCUMENTS\VISUAL STUDIO 2012\PROJECTS\CHICKENGAME\CHICKENGAME\DEBUG\VC110.PDB
C:\USERS\HIEU\DOCUMENTS\VISUAL STUDIO 2012\PROJECTS\CHICKENGAME\CHICKENGAME\DEBUG\KNIFE.OBJ
C:\USERS\HIEU\DOCUMENTS\VISUAL STUDIO 2012\PROJECTS\CHICKENGAME\DEBUG\CHICKENGAME.ILK
C:\USERS\HIEU\DOCUMENTS\VISUAL STUDIO 2012\PROJECTS\CHICKENGAME\DEBUG\CHICKENGAME.EXE
C:\USERS\HIEU\DOCUMENTS\VISUAL STUDIO 2012\PROJECTS\CHICKENGAME\DEBUG\CHICKENGAME.PDB
C:\Users\Hieu\documents\visual studio 2012\Projects\ChickenGame\ChickenGame\Debug\Basket.obj
C:\Users\Hieu\documents\visual studio 2012\Projects\ChickenGame\ChickenGame\Debug\Chicken.obj
C:\Users\Hieu\documents\visual studio 2012\Projects\ChickenGame\ChickenGame\Debug\Knief.obj
C:\Users\Hieu\documents\visual studio 2012\Projects\ChickenGame\ChickenGame\Debug\Knife.obj
C:\Users\Hieu\documents\visual studio 2012\Projects\ChickenGame\ChickenGame\Debug\Map.obj
C:\Users\Hieu\documents\visual studio 2012\Projects\ChickenGame\ChickenGame\Debug\Point.obj
C:\Users\Hieu\documents\visual studio 2012\Projects\ChickenGame\ChickenGame\Debug\Source.obj
C:\Users\Hieu\documents\visual studio 2012\Projects\ChickenGame\ChickenGame\Debug\cl.command.1.tlog
C:\Users\Hieu\documents\visual studio 2012\Projects\ChickenGame\ChickenGame\Debug\CL.read.1.tlog
C:\Users\Hieu\documents\visual studio 2012\Projects\ChickenGame\ChickenGame\Debug\CL.write.1.tlog
C:\Users\Hieu\documents\visual studio 2012\Projects\ChickenGame\ChickenGame\Debug\link-cvtres.read.1.tlog
C:\Users\Hieu\documents\visual studio 2012\Projects\ChickenGame\ChickenGame\Debug\link-cvtres.write.1.tlog
C:\Users\Hieu\documents\visual studio 2012\Projects\ChickenGame\ChickenGame\Debug\link-rc.read.1.tlog
C:\Users\Hieu\documents\visual studio 2012\Projects\ChickenGame\ChickenGame\Debug\link-rc.write.1.tlog
C:\Users\Hieu\documents\visual studio 2012\Projects\ChickenGame\ChickenGame\Debug\link.9344-cvtres.read.1.tlog
C:\Users\Hieu\documents\visual studio 2012\Projects\ChickenGame\ChickenGame\Debug\link.9344-cvtres.write.1.tlog
C:\Users\Hieu\documents\visual studio 2012\Projects\ChickenGame\ChickenGame\Debug\link.9344-rc.read.1.tlog
C:\Users\Hieu\documents\visual studio 2012\Projects\ChickenGame\ChickenGame\Debug\link.9344-rc.write.1.tlog
C:\Users\Hieu\documents\visual studio 2012\Projects\ChickenGame\ChickenGame\Debug\link.9344.read.1.tlog
C:\Users\Hieu\documents\visual studio 2012\Projects\ChickenGame\ChickenGame\Debug\link.9344.write.1.tlog
C:\Users\Hieu\documents\visual studio 2012\Projects\ChickenGame\ChickenGame\Debug\link.command.1.tlog
C:\Users\Hieu\documents\visual studio 2012\Projects\ChickenGame\ChickenGame\Debug\link.read.1.tlog
C:\Users\Hieu\documents\visual studio 2012\Projects\ChickenGame\ChickenGame\Debug\link.write.1.tlog
C:\Users\Hieu\documents\visual studio 2012\Projects\ChickenGame\ChickenGame\Debug\vc110.idb
C:\Users\Hieu\documents\visual studio 2012\Projects\ChickenGame\ChickenGame\Debug\vc110.pdb
C:\Users\Hieu\documents\visual studio 2012\Projects\ChickenGame\Debug\ChickenGame.pdb
C:\Users\Hieu\documents\visual studio 2012\Projects\ChickenGame\Debug\ChickenGame.exe
C:\Users\Hieu\documents\visual studio 2012\Projects\ChickenGame\Debug\ChickenGame.ilk
